[ 2016-11-25T10:01:21+08:00 ] 127.0.0.1 /tp2/
INFO: [ app_init ] --START--
INFO: Run Behavior\BuildLiteBehavior [ RunTime:0.000000s ]
INFO: [ app_init ] --END-- [ RunTime:0.002000s ]
INFO: [ app_begin ] --START--
INFO: Run Behavior\ReadHtmlCacheBehavior [ RunTime:0.002001s ]
INFO: [ app_begin ] --END-- [ RunTime:0.002001s ]
INFO: [ view_parse ] --START--
INFO: [ template_filter ] --START--
INFO: Run Behavior\ContentReplaceBehavior [ RunTime:0.068004s ]
INFO: [ template_filter ] --END-- [ RunTime:0.068004s ]
INFO: Run Behavior\ParseTemplateBehavior [ RunTime:0.088006s ]
INFO: [ view_parse ] --END-- [ RunTime:0.088006s ]
INFO: [ view_filter ] --START--
INFO: Run Behavior\WriteHtmlCacheBehavior [ RunTime:0.012000s ]
INFO: [ view_filter ] --END-- [ RunTime:0.012000s ]

[ 2016-11-25T10:01:24+08:00 ] 127.0.0.1 /tp2/index.php/Home/login/index.html
INFO: [ app_init ] --START--
INFO: Run Behavior\BuildLiteBehavior [ RunTime:0.000000s ]
INFO: [ app_init ] --END-- [ RunTime:0.001000s ]
INFO: [ app_begin ] --START--
INFO: Run Behavior\ReadHtmlCacheBehavior [ RunTime:0.002000s ]
INFO: [ app_begin ] --END-- [ RunTime:0.002000s ]
INFO: [ view_parse ] --START--
INFO: [ template_filter ] --START--
INFO: Run Behavior\ContentReplaceBehavior [ RunTime:0.000000s ]
INFO: [ template_filter ] --END-- [ RunTime:0.000000s ]
INFO: Run Behavior\ParseTemplateBehavior [ RunTime:0.026001s ]
INFO: [ view_parse ] --END-- [ RunTime:0.026001s ]
INFO: [ view_filter ] --START--
INFO: Run Behavior\WriteHtmlCacheBehavior [ RunTime:0.001000s ]
INFO: [ view_filter ] --END-- [ RunTime:0.001000s ]
INFO: [ app_end ] --START--
INFO: Run Behavior\ShowPageTraceBehavior [ RunTime:0.014001s ]
INFO: [ app_end ] --END-- [ RunTime:0.015001s ]

[ 2016-11-25T10:01:26+08:00 ] 127.0.0.1 /tp2/index.php/Home/Login/Verify
INFO: [ app_init ] --START--
INFO: Run Behavior\BuildLiteBehavior [ RunTime:0.000000s ]
INFO: [ app_init ] --END-- [ RunTime:0.000000s ]
INFO: [ app_begin ] --START--
INFO: Run Behavior\ReadHtmlCacheBehavior [ RunTime:0.001000s ]
INFO: [ app_begin ] --END-- [ RunTime:0.001000s ]
INFO: [ app_end ] --START--
INFO: Run Behavior\ShowPageTraceBehavior [ RunTime:0.002000s ]
INFO: [ app_end ] --END-- [ RunTime:0.002000s ]

[ 2016-11-25T10:01:36+08:00 ] 127.0.0.1 /tp2/index.php/Home/Login/dologin
INFO: [ app_init ] --START--
INFO: Run Behavior\BuildLiteBehavior [ RunTime:0.000000s ]
INFO: [ app_init ] --END-- [ RunTime:0.000000s ]
INFO: [ app_begin ] --START--
INFO: Run Behavior\ReadHtmlCacheBehavior [ RunTime:0.001000s ]
INFO: [ app_begin ] --END-- [ RunTime:0.002000s ]
SQL: SHOW COLUMNS FROM `tp_user` [ RunTime:0.0950s ]
SQL: SELECT `id`,`username` FROM `tp_user` WHERE `username` = 'ysx' AND `password` = '2332' LIMIT 1   [ RunTime:0.0010s ]
NOTIC: [8] Use of undefined constant id - assumed 'id' D:\wamp\Apache24\htdocs\tp2\Application\Home\Controller\LoginController.class.php 第 32 行.
INFO: [ view_parse ] --START--
INFO: [ template_filter ] --START--
INFO: Run Behavior\ContentReplaceBehavior [ RunTime:0.000000s ]
INFO: [ template_filter ] --END-- [ RunTime:0.000000s ]
INFO: Run Behavior\ParseTemplateBehavior [ RunTime:0.010000s ]
INFO: [ view_parse ] --END-- [ RunTime:0.010000s ]
INFO: [ view_filter ] --START--
INFO: Run Behavior\WriteHtmlCacheBehavior [ RunTime:0.000000s ]
INFO: [ view_filter ] --END-- [ RunTime:0.000000s ]
INFO: [ app_end ] --START--
INFO: Run Behavior\ShowPageTraceBehavior [ RunTime:0.001001s ]
INFO: [ app_end ] --END-- [ RunTime:0.001001s ]

[ 2016-11-25T10:01:38+08:00 ] 127.0.0.1 /tp2/index.php/Home/Index/index.html
INFO: [ app_init ] --START--
INFO: Run Behavior\BuildLiteBehavior [ RunTime:0.001000s ]
INFO: [ app_init ] --END-- [ RunTime:0.001000s ]
INFO: [ app_begin ] --START--
INFO: Run Behavior\ReadHtmlCacheBehavior [ RunTime:0.001000s ]
INFO: [ app_begin ] --END-- [ RunTime:0.001000s ]
INFO: [ view_parse ] --START--
INFO: [ template_filter ] --START--
INFO: Run Behavior\ContentReplaceBehavior [ RunTime:0.000000s ]
INFO: [ template_filter ] --END-- [ RunTime:0.000000s ]
INFO: Run Behavior\ParseTemplateBehavior [ RunTime:0.029002s ]
INFO: [ view_parse ] --END-- [ RunTime:0.029002s ]
INFO: [ view_filter ] --START--
INFO: Run Behavior\WriteHtmlCacheBehavior [ RunTime:0.000000s ]
INFO: [ view_filter ] --END-- [ RunTime:0.000000s ]
INFO: [ app_end ] --START--
INFO: Run Behavior\ShowPageTraceBehavior [ RunTime:0.001000s ]
INFO: [ app_end ] --END-- [ RunTime:0.001000s ]

[ 2016-11-25T10:01:42+08:00 ] 127.0.0.1 /tp2/index.php/Home/Admin/lst?_=1480039298296
INFO: [ app_init ] --START--
INFO: Run Behavior\BuildLiteBehavior [ RunTime:0.000000s ]
INFO: [ app_init ] --END-- [ RunTime:0.001000s ]
INFO: [ app_begin ] --START--
INFO: Run Behavior\ReadHtmlCacheBehavior [ RunTime:0.001001s ]
INFO: [ app_begin ] --END-- [ RunTime:0.001001s ]
ERR: 无法加载控制器:Admin

[ 2016-11-25T10:01:43+08:00 ] 127.0.0.1 /tp2/index.php/Home/Role/lst?_=1480039298297
INFO: [ app_init ] --START--
INFO: Run Behavior\BuildLiteBehavior [ RunTime:0.000000s ]
INFO: [ app_init ] --END-- [ RunTime:0.001000s ]
INFO: [ app_begin ] --START--
INFO: Run Behavior\ReadHtmlCacheBehavior [ RunTime:0.001000s ]
INFO: [ app_begin ] --END-- [ RunTime:0.001000s ]
INFO: [ view_parse ] --START--
INFO: [ template_filter ] --START--
INFO: Run Behavior\ContentReplaceBehavior [ RunTime:0.000000s ]
INFO: [ template_filter ] --END-- [ RunTime:0.000000s ]
INFO: Run Behavior\ParseTemplateBehavior [ RunTime:0.023002s ]
INFO: [ view_parse ] --END-- [ RunTime:0.023002s ]
INFO: [ view_filter ] --START--
INFO: Run Behavior\WriteHtmlCacheBehavior [ RunTime:0.000000s ]
INFO: [ view_filter ] --END-- [ RunTime:0.000000s ]
INFO: [ app_end ] --START--
INFO: Run Behavior\ShowPageTraceBehavior [ RunTime:0.001000s ]
INFO: [ app_end ] --END-- [ RunTime:0.002000s ]

[ 2016-11-25T10:01:43+08:00 ] 127.0.0.1 /tp2/index.php/Home/Role/rolelst
INFO: [ app_init ] --START--
INFO: Run Behavior\BuildLiteBehavior [ RunTime:0.000000s ]
INFO: [ app_init ] --END-- [ RunTime:0.000000s ]
INFO: [ app_begin ] --START--
INFO: Run Behavior\ReadHtmlCacheBehavior [ RunTime:0.001000s ]
INFO: [ app_begin ] --END-- [ RunTime:0.001000s ]
ERR: 非法操作:rolelst

[ 2016-11-25T10:01:45+08:00 ] 127.0.0.1 /tp2/index.php/Home/Privilege/lst?_=1480039298298
INFO: [ app_init ] --START--
INFO: Run Behavior\BuildLiteBehavior [ RunTime:0.000000s ]
INFO: [ app_init ] --END-- [ RunTime:0.001000s ]
INFO: [ app_begin ] --START--
INFO: Run Behavior\ReadHtmlCacheBehavior [ RunTime:0.001000s ]
INFO: [ app_begin ] --END-- [ RunTime:0.001000s ]
INFO: [ view_parse ] --START--
INFO: [ template_filter ] --START--
INFO: Run Behavior\ContentReplaceBehavior [ RunTime:0.000000s ]
INFO: [ template_filter ] --END-- [ RunTime:0.000000s ]
INFO: Run Behavior\ParseTemplateBehavior [ RunTime:0.026002s ]
INFO: [ view_parse ] --END-- [ RunTime:0.026002s ]
INFO: [ view_filter ] --START--
INFO: Run Behavior\WriteHtmlCacheBehavior [ RunTime:0.000000s ]
INFO: [ view_filter ] --END-- [ RunTime:0.000000s ]
INFO: [ app_end ] --START--
INFO: Run Behavior\ShowPageTraceBehavior [ RunTime:0.001000s ]
INFO: [ app_end ] --END-- [ RunTime:0.001000s ]

[ 2016-11-25T10:01:46+08:00 ] 127.0.0.1 /tp2/index.php/Home/Privilege/prilst
INFO: [ app_init ] --START--
INFO: Run Behavior\BuildLiteBehavior [ RunTime:0.000000s ]
INFO: [ app_init ] --END-- [ RunTime:0.001001s ]
INFO: [ app_begin ] --START--
INFO: Run Behavior\ReadHtmlCacheBehavior [ RunTime:0.001000s ]
INFO: [ app_begin ] --END-- [ RunTime:0.002000s ]
SQL: SHOW COLUMNS FROM `tp_privilege` [ RunTime:0.1960s ]
SQL: SHOW COLUMNS FROM `tp_privilege` [ RunTime:0.0050s ]
SQL: SELECT * FROM `tp_privilege`  [ RunTime:0.0050s ]
NOTIC: [8] Undefined variable: value D:\wamp\Apache24\htdocs\tp2\Application\Home\Model\PrivilegeModel.class.php 第 41 行.
NOTIC: [8] Undefined variable: value D:\wamp\Apache24\htdocs\tp2\Application\Home\Model\PrivilegeModel.class.php 第 41 行.
NOTIC: [8] Undefined variable: value D:\wamp\Apache24\htdocs\tp2\Application\Home\Model\PrivilegeModel.class.php 第 41 行.

[ 2016-11-25T17:37:45+08:00 ] 127.0.0.1 /tp2/index.php/Home/Privilege/add?_=1480039298299
INFO: [ app_init ] --START--
INFO: Run Behavior\BuildLiteBehavior [ RunTime:0.000000s ]
INFO: [ app_init ] --END-- [ RunTime:0.048002s ]
INFO: [ app_begin ] --START--
INFO: Run Behavior\ReadHtmlCacheBehavior [ RunTime:0.001001s ]
INFO: [ app_begin ] --END-- [ RunTime:0.001001s ]
SQL: SHOW COLUMNS FROM `tp_privilege` [ RunTime:0.3300s ]
SQL: SHOW COLUMNS FROM `tp_privilege` [ RunTime:0.0110s ]
SQL: SELECT * FROM `tp_privilege`  [ RunTime:0.0320s ]
INFO: [ view_parse ] --START--
INFO: [ template_filter ] --START--
INFO: Run Behavior\ContentReplaceBehavior [ RunTime:0.001000s ]
INFO: [ template_filter ] --END-- [ RunTime:0.001000s ]
NOTIC: [8] Undefined index: children D:\wamp\Apache24\htdocs\tp2\Application\Runtime\Cache\Home\ee3dfe2c3d47a10bae1192323295960a.php 第 10 行.
NOTIC: [8] Undefined index: children D:\wamp\Apache24\htdocs\tp2\Application\Runtime\Cache\Home\ee3dfe2c3d47a10bae1192323295960a.php 第 11 行.
NOTIC: [8] Undefined index: children D:\wamp\Apache24\htdocs\tp2\Application\Runtime\Cache\Home\ee3dfe2c3d47a10bae1192323295960a.php 第 10 行.
NOTIC: [8] Undefined index: children D:\wamp\Apache24\htdocs\tp2\Application\Runtime\Cache\Home\ee3dfe2c3d47a10bae1192323295960a.php 第 11 行.
NOTIC: [8] Undefined index: children D:\wamp\Apache24\htdocs\tp2\Application\Runtime\Cache\Home\ee3dfe2c3d47a10bae1192323295960a.php 第 10 行.
NOTIC: [8] Undefined index: children D:\wamp\Apache24\htdocs\tp2\Application\Runtime\Cache\Home\ee3dfe2c3d47a10bae1192323295960a.php 第 11 行.
NOTIC: [8] Undefined index: children D:\wamp\Apache24\htdocs\tp2\Application\Runtime\Cache\Home\ee3dfe2c3d47a10bae1192323295960a.php 第 10 行.
NOTIC: [8] Undefined index: children D:\wamp\Apache24\htdocs\tp2\Application\Runtime\Cache\Home\ee3dfe2c3d47a10bae1192323295960a.php 第 11 行.
NOTIC: [8] Undefined index: children D:\wamp\Apache24\htdocs\tp2\Application\Runtime\Cache\Home\ee3dfe2c3d47a10bae1192323295960a.php 第 10 行.
NOTIC: [8] Undefined index: children D:\wamp\Apache24\htdocs\tp2\Application\Runtime\Cache\Home\ee3dfe2c3d47a10bae1192323295960a.php 第 11 行.
NOTIC: [8] Undefined index: children D:\wamp\Apache24\htdocs\tp2\Application\Runtime\Cache\Home\ee3dfe2c3d47a10bae1192323295960a.php 第 10 行.
NOTIC: [8] Undefined index: children D:\wamp\Apache24\htdocs\tp2\Application\Runtime\Cache\Home\ee3dfe2c3d47a10bae1192323295960a.php 第 11 行.
NOTIC: [8] Undefined index: children D:\wamp\Apache24\htdocs\tp2\Application\Runtime\Cache\Home\ee3dfe2c3d47a10bae1192323295960a.php 第 10 行.
NOTIC: [8] Undefined index: children D:\wamp\Apache24\htdocs\tp2\Application\Runtime\Cache\Home\ee3dfe2c3d47a10bae1192323295960a.php 第 11 行.
INFO: Run Behavior\ParseTemplateBehavior [ RunTime:0.175010s ]
INFO: [ view_parse ] --END-- [ RunTime:0.175010s ]
INFO: [ view_filter ] --START--
INFO: Run Behavior\WriteHtmlCacheBehavior [ RunTime:0.000000s ]
INFO: [ view_filter ] --END-- [ RunTime:0.000000s ]
INFO: [ app_end ] --START--
INFO: Run Behavior\ShowPageTraceBehavior [ RunTime:0.000000s ]
INFO: [ app_end ] --END-- [ RunTime:0.001000s ]

[ 2016-11-25T17:38:17+08:00 ] 127.0.0.1 /tp2/index.php/Home/Privilege/doadd.html
INFO: [ app_init ] --START--
INFO: Run Behavior\BuildLiteBehavior [ RunTime:0.000000s ]
INFO: [ app_init ] --END-- [ RunTime:0.001000s ]
INFO: [ app_begin ] --START--
INFO: Run Behavior\ReadHtmlCacheBehavior [ RunTime:0.002000s ]
INFO: [ app_begin ] --END-- [ RunTime:0.002000s ]
NOTIC: [8] Use of undefined constant Privilege - assumed 'Privilege' D:\wamp\Apache24\htdocs\tp2\Application\Home\Controller\PrivilegeController.class.php 第 26 行.
SQL: SHOW COLUMNS FROM `tp_privilege` [ RunTime:0.0220s ]
SQL: INSERT INTO `tp_privilege` (`pri_name`,`mname`,`cname`,`aname`,`pid`) VALUES ('专员','hr','zy','lst','15') [ RunTime:0.1980s ]
INFO: [ app_end ] --START--
INFO: Run Behavior\ShowPageTraceBehavior [ RunTime:0.001000s ]
INFO: [ app_end ] --END-- [ RunTime:0.001000s ]

[ 2016-11-25T17:38:21+08:00 ] 127.0.0.1 /tp2/index.php/Home/Index/index.html
INFO: [ app_init ] --START--
INFO: Run Behavior\BuildLiteBehavior [ RunTime:0.000000s ]
INFO: [ app_init ] --END-- [ RunTime:0.000000s ]
INFO: [ app_begin ] --START--
INFO: Run Behavior\ReadHtmlCacheBehavior [ RunTime:0.001000s ]
INFO: [ app_begin ] --END-- [ RunTime:0.001000s ]
INFO: [ view_parse ] --START--
INFO: [ template_filter ] --START--
INFO: Run Behavior\ContentReplaceBehavior [ RunTime:0.000000s ]
INFO: [ template_filter ] --END-- [ RunTime:0.000000s ]
INFO: Run Behavior\ParseTemplateBehavior [ RunTime:0.066004s ]
INFO: [ view_parse ] --END-- [ RunTime:0.066004s ]
INFO: [ view_filter ] --START--
INFO: Run Behavior\WriteHtmlCacheBehavior [ RunTime:0.000000s ]
INFO: [ view_filter ] --END-- [ RunTime:0.001000s ]
INFO: [ app_end ] --START--
INFO: Run Behavior\ShowPageTraceBehavior [ RunTime:0.000000s ]
INFO: [ app_end ] --END-- [ RunTime:0.000000s ]

[ 2016-11-25T17:38:26+08:00 ] 127.0.0.1 /tp2/index.php/Home/Privilege/lst?_=1480066703303
INFO: [ app_init ] --START--
INFO: Run Behavior\BuildLiteBehavior [ RunTime:0.000000s ]
INFO: [ app_init ] --END-- [ RunTime:0.001000s ]
INFO: [ app_begin ] --START--
INFO: Run Behavior\ReadHtmlCacheBehavior [ RunTime:0.001000s ]
INFO: [ app_begin ] --END-- [ RunTime:0.001000s ]
INFO: [ view_parse ] --START--
INFO: [ template_filter ] --START--
INFO: Run Behavior\ContentReplaceBehavior [ RunTime:0.000000s ]
INFO: [ template_filter ] --END-- [ RunTime:0.000000s ]
INFO: Run Behavior\ParseTemplateBehavior [ RunTime:0.036002s ]
INFO: [ view_parse ] --END-- [ RunTime:0.036002s ]
INFO: [ view_filter ] --START--
INFO: Run Behavior\WriteHtmlCacheBehavior [ RunTime:0.001000s ]
INFO: [ view_filter ] --END-- [ RunTime:0.001000s ]
INFO: [ app_end ] --START--
INFO: Run Behavior\ShowPageTraceBehavior [ RunTime:0.001000s ]
INFO: [ app_end ] --END-- [ RunTime:0.001000s ]

[ 2016-11-25T17:38:26+08:00 ] 127.0.0.1 /tp2/index.php/Home/Privilege/prilst
INFO: [ app_init ] --START--
INFO: Run Behavior\BuildLiteBehavior [ RunTime:0.000000s ]
INFO: [ app_init ] --END-- [ RunTime:0.002000s ]
INFO: [ app_begin ] --START--
INFO: Run Behavior\ReadHtmlCacheBehavior [ RunTime:0.001000s ]
INFO: [ app_begin ] --END-- [ RunTime:0.001000s ]
SQL: SHOW COLUMNS FROM `tp_privilege` [ RunTime:0.0120s ]
SQL: SHOW COLUMNS FROM `tp_privilege` [ RunTime:0.0060s ]
SQL: SELECT * FROM `tp_privilege`  [ RunTime:0.0110s ]
NOTIC: [8] Undefined variable: value D:\wamp\Apache24\htdocs\tp2\Application\Home\Model\PrivilegeModel.class.php 第 41 行.
NOTIC: [8] Undefined variable: value D:\wamp\Apache24\htdocs\tp2\Application\Home\Model\PrivilegeModel.class.php 第 41 行.
NOTIC: [8] Undefined variable: value D:\wamp\Apache24\htdocs\tp2\Application\Home\Model\PrivilegeModel.class.php 第 41 行.
NOTIC: [8] Undefined variable: value D:\wamp\Apache24\htdocs\tp2\Application\Home\Model\PrivilegeModel.class.php 第 41 行.

[ 2016-11-25T17:50:30+08:00 ] 127.0.0.1 /tp2/index.php/Home/Privilege/add?_=1480066703304
INFO: [ app_init ] --START--
INFO: Run Behavior\BuildLiteBehavior [ RunTime:0.000000s ]
INFO: [ app_init ] --END-- [ RunTime:0.001000s ]
INFO: [ app_begin ] --START--
INFO: Run Behavior\ReadHtmlCacheBehavior [ RunTime:0.002000s ]
INFO: [ app_begin ] --END-- [ RunTime:0.002000s ]
SQL: SHOW COLUMNS FROM `tp_privilege` [ RunTime:0.0250s ]
SQL: SHOW COLUMNS FROM `tp_privilege` [ RunTime:0.0050s ]
SQL: SELECT * FROM `tp_privilege`  [ RunTime:0.0010s ]
INFO: [ view_parse ] --START--
INFO: [ template_filter ] --START--
INFO: Run Behavior\ContentReplaceBehavior [ RunTime:0.000000s ]
INFO: [ template_filter ] --END-- [ RunTime:0.000000s ]
NOTIC: [8] Undefined index: children D:\wamp\Apache24\htdocs\tp2\Application\Runtime\Cache\Home\ee3dfe2c3d47a10bae1192323295960a.php 第 10 行.
NOTIC: [8] Undefined index: children D:\wamp\Apache24\htdocs\tp2\Application\Runtime\Cache\Home\ee3dfe2c3d47a10bae1192323295960a.php 第 11 行.
NOTIC: [8] Undefined index: children D:\wamp\Apache24\htdocs\tp2\Application\Runtime\Cache\Home\ee3dfe2c3d47a10bae1192323295960a.php 第 10 行.
NOTIC: [8] Undefined index: children D:\wamp\Apache24\htdocs\tp2\Application\Runtime\Cache\Home\ee3dfe2c3d47a10bae1192323295960a.php 第 11 行.
NOTIC: [8] Undefined index: children D:\wamp\Apache24\htdocs\tp2\Application\Runtime\Cache\Home\ee3dfe2c3d47a10bae1192323295960a.php 第 10 行.
NOTIC: [8] Undefined index: children D:\wamp\Apache24\htdocs\tp2\Application\Runtime\Cache\Home\ee3dfe2c3d47a10bae1192323295960a.php 第 11 行.
NOTIC: [8] Undefined index: children D:\wamp\Apache24\htdocs\tp2\Application\Runtime\Cache\Home\ee3dfe2c3d47a10bae1192323295960a.php 第 10 行.
NOTIC: [8] Undefined index: children D:\wamp\Apache24\htdocs\tp2\Application\Runtime\Cache\Home\ee3dfe2c3d47a10bae1192323295960a.php 第 11 行.
NOTIC: [8] Undefined index: children D:\wamp\Apache24\htdocs\tp2\Application\Runtime\Cache\Home\ee3dfe2c3d47a10bae1192323295960a.php 第 10 行.
NOTIC: [8] Undefined index: children D:\wamp\Apache24\htdocs\tp2\Application\Runtime\Cache\Home\ee3dfe2c3d47a10bae1192323295960a.php 第 11 行.
NOTIC: [8] Undefined index: children D:\wamp\Apache24\htdocs\tp2\Application\Runtime\Cache\Home\ee3dfe2c3d47a10bae1192323295960a.php 第 10 行.
NOTIC: [8] Undefined index: children D:\wamp\Apache24\htdocs\tp2\Application\Runtime\Cache\Home\ee3dfe2c3d47a10bae1192323295960a.php 第 11 行.
NOTIC: [8] Undefined index: children D:\wamp\Apache24\htdocs\tp2\Application\Runtime\Cache\Home\ee3dfe2c3d47a10bae1192323295960a.php 第 10 行.
NOTIC: [8] Undefined index: children D:\wamp\Apache24\htdocs\tp2\Application\Runtime\Cache\Home\ee3dfe2c3d47a10bae1192323295960a.php 第 11 行.
NOTIC: [8] Undefined index: children D:\wamp\Apache24\htdocs\tp2\Application\Runtime\Cache\Home\ee3dfe2c3d47a10bae1192323295960a.php 第 10 行.
NOTIC: [8] Undefined index: children D:\wamp\Apache24\htdocs\tp2\Application\Runtime\Cache\Home\ee3dfe2c3d47a10bae1192323295960a.php 第 11 行.
INFO: Run Behavior\ParseTemplateBehavior [ RunTime:0.016001s ]
INFO: [ view_parse ] --END-- [ RunTime:0.016001s ]
INFO: [ view_filter ] --START--
INFO: Run Behavior\WriteHtmlCacheBehavior [ RunTime:0.000000s ]
INFO: [ view_filter ] --END-- [ RunTime:0.000000s ]
INFO: [ app_end ] --START--
INFO: Run Behavior\ShowPageTraceBehavior [ RunTime:0.000000s ]
INFO: [ app_end ] --END-- [ RunTime:0.002000s ]

